{
  "RSpec": {
    "coverage": {
      "/Users/joshuamaffuccio/Dropbox/Ruby/endeavor/app/models/user.rb": [
        1,
        null,
        null,
        1,
        null,
        1,
        1,
        1,
        1,
        null,
        1,
        1,
        null,
        1,
        null,
        null,
        null,
        null,
        1,
        null,
        null,
        null,
        1,
        null,
        null,
        null,
        1,
        null,
        null,
        null,
        1,
        null,
        67,
        39,
        null,
        28,
        28,
        null,
        null,
        null,
        1,
        null,
        67,
        39,
        null,
        28,
        28,
        null,
        null,
        null,
        null
      ],
      "/Users/joshuamaffuccio/Dropbox/Ruby/endeavor/app/helpers/skills_helper.rb": [
        1,
        null
      ],
      "/Users/joshuamaffuccio/Dropbox/Ruby/endeavor/app/models/project.rb": [
        1,
        1,
        1,
        1,
        null,
        1,
        1,
        1,
        null,
        null,
        null,
        null,
        null,
        1,
        null,
        null,
        null,
        null,
        null,
        1,
        null,
        33,
        21,
        null,
        12,
        12,
        null,
        null,
        null,
        1,
        null,
        33,
        21,
        null,
        12,
        12,
        null,
        null,
        null
      ],
      "/Users/joshuamaffuccio/Dropbox/Ruby/endeavor/app/controllers/application_controller.rb": [
        1,
        null,
        null,
        1,
        null,
        1,
        null,
        1,
        null,
        1,
        null,
        null,
        null,
        56,
        null,
        null,
        null,
        56,
        null,
        null
      ],
      "/Users/joshuamaffuccio/Dropbox/Ruby/endeavor/app/controllers/homes_controller.rb": [
        1,
        1,
        null,
        null
      ],
      "/Users/joshuamaffuccio/Dropbox/Ruby/endeavor/app/controllers/users_controller.rb": [
        1,
        1,
        null,
        1,
        8,
        8,
        8,
        8,
        null,
        null,
        1,
        1,
        null,
        null,
        1,
        0,
        null,
        null,
        1,
        0,
        0,
        0,
        0,
        null,
        0,
        0,
        null,
        null,
        null,
        1,
        null,
        null,
        null,
        null,
        null
      ],
      "/Users/joshuamaffuccio/Dropbox/Ruby/endeavor/app/controllers/projects_controller.rb": [
        1,
        1,
        null,
        1,
        1,
        null,
        null,
        1,
        1,
        1,
        1,
        1,
        null,
        0,
        null,
        null,
        null,
        1,
        1,
        null,
        null,
        1,
        1,
        1,
        1,
        1,
        null,
        0,
        0,
        null,
        null,
        null,
        1,
        6,
        6,
        6,
        null,
        null,
        1,
        4,
        4,
        4,
        4,
        4,
        null,
        null,
        null,
        1,
        1,
        1,
        1,
        1,
        null,
        null,
        1,
        null,
        1,
        2,
        null,
        null
      ]
    },
    "timestamp": 1429199552
  }
}
