{
  "RSpec": {
    "coverage": {
      "/Users/joshuamaffuccio/Dropbox/ruby/endeavor/app/models/user.rb": [
        1,
        null,
        null,
        1,
        null,
        1,
        1,
        1,
        1,
        1,
        null,
        1,
        1,
        null,
        1,
        null,
        null,
        null,
        null,
        1,
        null,
        null,
        null,
        1,
        null,
        null,
        null,
        1,
        null,
        null,
        null,
        1,
        null,
        null,
        null,
        1,
        75,
        47,
        null,
        28,
        28,
        null,
        null,
        null,
        1,
        null,
        75,
        47,
        null,
        28,
        28,
        null,
        null,
        null,
        1,
        0,
        0,
        0,
        null,
        0,
        0,
        null,
        0,
        null,
        null,
        1,
        9,
        null,
        null,
        null,
        null,
        null,
        null,
        null,
        9,
        9,
        9,
        9,
        9,
        null,
        9,
        null,
        9,
        9,
        null,
        9,
        0,
        null,
        0,
        0,
        0,
        0,
        null,
        null,
        0,
        0,
        null,
        0,
        0,
        null,
        0,
        0,
        null,
        null,
        null,
        9,
        9,
        9,
        null,
        null
      ],
      "/Users/joshuamaffuccio/Dropbox/ruby/endeavor/app/uploaders/profile_pic_uploader.rb": [
        null,
        null,
        1,
        1,
        0,
        null,
        1,
        null,
        null,
        null,
        null,
        null,
        null,
        null,
        null,
        null,
        null,
        1,
        0,
        null,
        null,
        null,
        null,
        null,
        null,
        null,
        null,
        null,
        null,
        null,
        null,
        null,
        null,
        null,
        null,
        null,
        null,
        null,
        null,
        null,
        null,
        null,
        null,
        null,
        null,
        null,
        null,
        null,
        null,
        null,
        null,
        null,
        null,
        null
      ],
      "/Users/joshuamaffuccio/Dropbox/ruby/endeavor/app/helpers/skills_helper.rb": [
        1,
        null
      ],
      "/Users/joshuamaffuccio/Dropbox/ruby/endeavor/app/models/project.rb": [
        1,
        1,
        1,
        1,
        null,
        1,
        1,
        1,
        null,
        null,
        null,
        null,
        null,
        1,
        null,
        null,
        null,
        null,
        null,
        1,
        null,
        42,
        30,
        null,
        12,
        12,
        null,
        null,
        null,
        1,
        null,
        42,
        30,
        null,
        12,
        12,
        null,
        null,
        null,
        1,
        0,
        0,
        0,
        null,
        0,
        0,
        null,
        0,
        null,
        null,
        1,
        0,
        null,
        null,
        1,
        0,
        null,
        null,
        1,
        6,
        null,
        null,
        null,
        null,
        null,
        null,
        null,
        null,
        null,
        null,
        null,
        null,
        null,
        6,
        6,
        6,
        6,
        6,
        null,
        6,
        6,
        6,
        null,
        6,
        0,
        null,
        0,
        0,
        0,
        0,
        null,
        null,
        0,
        0,
        null,
        0,
        0,
        null,
        0,
        0,
        null,
        null,
        null,
        6,
        6,
        6,
        null,
        null
      ],
      "/Users/joshuamaffuccio/Dropbox/ruby/endeavor/app/controllers/application_controller.rb": [
        1,
        null,
        null,
        1,
        null,
        1,
        null,
        1,
        null,
        1,
        null,
        null,
        null,
        58,
        null,
        null,
        null,
        58,
        null,
        null
      ],
      "/Users/joshuamaffuccio/Dropbox/ruby/endeavor/app/controllers/homes_controller.rb": [
        1,
        1,
        null,
        null
      ],
      "/Users/joshuamaffuccio/Dropbox/ruby/endeavor/app/controllers/users_controller.rb": [
        1,
        1,
        null,
        1,
        9,
        null,
        null,
        9,
        9,
        9,
        9,
        null,
        null,
        1,
        1,
        null,
        null,
        1,
        0,
        null,
        null,
        1,
        0,
        0,
        0,
        0,
        null,
        0,
        0,
        null,
        null,
        null
      ],
      "/Users/joshuamaffuccio/Dropbox/ruby/endeavor/app/controllers/projects_controller.rb": [
        1,
        1,
        null,
        1,
        1,
        null,
        null,
        1,
        1,
        1,
        1,
        1,
        null,
        0,
        null,
        null,
        null,
        1,
        1,
        null,
        null,
        1,
        1,
        1,
        1,
        1,
        null,
        0,
        0,
        null,
        null,
        null,
        1,
        6,
        6,
        6,
        6,
        null,
        null,
        1,
        4,
        null,
        null,
        1,
        0,
        null,
        0,
        null,
        0,
        0,
        null,
        0,
        0,
        null,
        null,
        null,
        1,
        0,
        null,
        0,
        null,
        0,
        0,
        null,
        0,
        0,
        null,
        null,
        null,
        1,
        1,
        1,
        1,
        1,
        null,
        null,
        1,
        null,
        1,
        2,
        null,
        null
      ]
    },
    "timestamp": 1429580419
  }
}
